<?xml version="1.0" encoding="UTF-8"?>
<!-- Generated by org.testng.reporters.JUnitReportReporter -->
<testsuite hostname="VM0147" failures="0" tests="2" name="basic.classTestNG" time="5.568" errors="0" timestamp="2024-06-23T19:49:20 IST" skipped="0">
  <testcase classname="basic.classTestNG" name="Frame1" time="1.853"/>
  <testcase classname="basic.classTestNG" name="Frame2" time="3.715"/>
</testsuite> <!-- basic.classTestNG -->
